<?xml version="1.0" encoding="utf-8"?><testsuites name="pytest tests"><testsuite name="pytest" errors="0" failures="0" skipped="0" tests="27" time="17.754" timestamp="2026-08-03T21:46:05.299553-03:00" hostname="ffsantos"><testcase classname="tests.test_api" name="test_bootstrap_login_crud_search_and_audit_flow" time="1.480" /><testcase classname="tests.test_api" name="test_invalid_login_is_rejected" time="0.259" /><testcase classname="tests.test_api" name="test_unauthorized_requests_and_missing_secrets_return_api_errors" time="8.537" /><testcase classname="tests.test_api" name="test_secret_can_store_multiple_named_values" time="0.558" /><testcase classname="tests.test_auth_service" name="test_logout_accepts_expired_access_token" time="1.088" /><testcase classname="tests.test_dto" name="test_secret_create_request_normalizes_tags_and_secret_fields" time="0.001" /><testcase classname="tests.test_dto" name="test_secret_create_request_requires_secret_content" time="0.001" /><testcase classname="tests.test_dto" name="test_secret_update_request_normalizes_optional_fields" time="0.001" /><testcase classname="tests.test_infrastructure" name="test_sqlalchemy_unit_of_work_commits_and_rolls_back" time="0.003" /><testcase classname="tests.test_infrastructure" name="test_configure_logging_is_idempotent" time="0.003" /><testcase classname="tests.test_infrastructure" name="test_get_client_ip_uses_request_client_and_fallback" time="0.001" /><testcase classname="tests.test_security" name="test_password_hasher_round_trip" time="0.021" /><testcase classname="tests.test_security" name="test_password_strength_validation_rejects_weak_passwords" time="0.001" /><testcase classname="tests.test_security" name="test_data_key_manager_encrypts_and_decrypts_values" time="0.013" /><testcase classname="tests.test_security" name="test_data_key_manager_rejects_invalid_master_password" time="0.014" /><testcase classname="tests.test_security" name="test_password_generator_uses_requested_character_sets" time="0.001" /><testcase classname="tests.test_security" name="test_data_key_manager_rejects_invalid_fernet_key" time="0.001" /><testcase classname="tests.test_security" name="test_jwt_service_rejects_invalid_tokens" time="0.001" /><testcase classname="tests.test_security" name="test_session_registry_handles_refresh_revoke_and_expiry" time="0.001" /><testcase classname="tests.test_security" name="test_password_generator_requires_at_least_one_group" time="0.001" /><testcase classname="tests.test_services" name="test_auth_service_rejects_login_before_bootstrap_and_duplicate_bootstrap" time="0.575" /><testcase classname="tests.test_services" name="test_secret_service_reports_missing_secret_paths" time="1.079" /><testcase classname="tests.test_services" name="test_secret_service_helper_methods_cover_edge_cases" time="1.068" /><testcase classname="tests.test_ui_session" name="test_resolve_authenticated_context_refreshes_expired_access_token" time="1.071" /><testcase classname="tests.test_ui_session" name="test_resolve_authenticated_context_clears_invalid_storage" time="0.583" /><testcase classname="tests.test_ui_session" name="test_collect_secret_fields_ignores_incomplete_rows" time="0.001" /><testcase classname="tests.test_ui_session" name="test_secret_field_rows_from_mapping_preserves_pairs" time="0.002" /></testsuite></testsuites>